<?xml version="1.0" encoding="UTF-8"?>
<!-- Generated by org.testng.reporters.JUnitReportReporter -->
<testsuite skipped="0" hostname="User-PC" name="com.inetbanking.testcases.TC_LoginTest_001" tests="1" failures="0" timestamp="01 Apr 2021 06:56:47 GMT" time="12.467" errors="0">
  <testcase name="LoginTest" time="12.467" classname="com.inetbanking.testcases.TC_LoginTest_001"/>
</testsuite> <!-- com.inetbanking.testcases.TC_LoginTest_001 -->
