<?xml version="1.0" encoding="UTF-8"?>
<!-- Generated by org.testng.reporters.JUnitReportReporter -->
<testsuite skipped="0" hostname="User-PC" name="com.inetbanking.testcases.TC_AddNewCustomerTest_003" tests="1" failures="0" timestamp="05 Apr 2021 07:05:06 GMT" time="9.739" errors="0">
  <testcase name="Addnewcustomer" time="9.739" classname="com.inetbanking.testcases.TC_AddNewCustomerTest_003"/>
</testsuite> <!-- com.inetbanking.testcases.TC_AddNewCustomerTest_003 -->
